[2025-09-24 23:24:01,012: INFO: make_dataset: Starting audio preprocessing pipeline...]
[2025-09-24 23:24:01,016: INFO: make_dataset: Ensured processed data directory exists at: data/processed]
[2025-09-24 23:24:01,016: INFO: make_dataset: Processing class: Clean]
[2025-09-26 09:32:58,138: INFO: make_dataset: Starting audio preprocessing pipeline...]
[2025-09-26 09:32:58,151: INFO: make_dataset: Ensured processed data directory exists at: data/processed]
[2025-09-26 09:32:58,151: INFO: make_dataset: Processing class: Clean]
[2025-09-26 09:33:57,603: ERROR: make_dataset: Error processing data/raw\Clean\output_3_cleaned.wav: ]
[2025-09-26 09:34:24,284: INFO: make_dataset: Processing class: Infested]
[2025-09-26 09:34:24,289: ERROR: make_dataset: Error processing data/raw\Infested\audio0.wav: ]
[2025-09-26 09:34:29,770: ERROR: make_dataset: Error processing data/raw\Infested\audio85.wav: ]
[2025-09-26 09:34:29,871: ERROR: make_dataset: Error processing data/raw\Infested\audio88_infested.wav: ]
[2025-09-26 09:35:31,992: ERROR: make_dataset: Error processing data/raw\Infested\output_923.wav: ]
[2025-09-26 09:35:33,387: INFO: make_dataset: Audio preprocessing complete!]
[2025-09-26 09:38:05,467: INFO: build_features: Starting feature extraction pipeline...]
[2025-09-26 09:38:05,469: INFO: build_features: Ensured features directory exists at: data/features]
[2025-09-26 09:38:05,469: INFO: build_features: Extracting features for class: clean]
[2025-09-26 09:39:53,795: INFO: build_features: Extracting features for class: infested]
[2025-09-26 09:41:26,663: INFO: build_features: Feature extraction complete!]
[2025-09-26 09:41:26,664: INFO: build_features: Features shape: (11282, 128, 157)]
[2025-09-26 09:41:26,664: INFO: build_features: Labels shape: (11282,)]
[2025-09-26 12:25:17,903: INFO: train_model: Starting model training pipeline...]
[2025-09-26 12:25:17,906: INFO: train_model: Loading features and labels...]
[2025-09-26 12:25:18,631: INFO: train_model: Data split complete. Training set shape: (9025, 128, 157, 1)]
[2025-09-26 12:25:18,631: INFO: train_model: No existing model found. Creating a new one...]
[2025-09-26 12:25:18,916: INFO: train_model: Model compiled successfully.]
[2025-09-26 12:25:18,916: INFO: train_model: Starting model training...]
[2025-09-26 12:28:44,041: WARNING: saving_api: You are saving your model as an HDF5 file via `model.save()` or `keras.saving.save_model(model)`. This file format is considered legacy. We recommend using instead the native Keras format, e.g. `model.save('my_model.keras')` or `keras.saving.save_model(model, 'my_model.keras')`. ]
[2025-09-26 12:28:44,103: INFO: train_model: Model training complete. Model saved to: models\model.h5]
[2025-09-26 12:33:45,478: INFO: train_model: Starting model training pipeline...]
[2025-09-26 12:33:45,480: INFO: train_model: Loading features and labels...]
[2025-09-26 12:33:45,918: INFO: train_model: Data split complete. Training set shape: (9025, 128, 157, 1)]
[2025-09-26 12:33:45,918: INFO: train_model: Existing model found. Loading it for incremental training...]
[2025-09-26 12:33:46,113: WARNING: saving_utils: Compiled the loaded model, but the compiled metrics have yet to be built. `model.compile_metrics` will be empty until you train or evaluate the model.]
[2025-09-26 12:33:46,146: INFO: train_model: Model compiled successfully.]
[2025-09-26 12:33:46,146: INFO: train_model: Starting model training...]
[2025-09-26 12:38:21,098: WARNING: saving_api: You are saving your model as an HDF5 file via `model.save()` or `keras.saving.save_model(model)`. This file format is considered legacy. We recommend using instead the native Keras format, e.g. `model.save('my_model.keras')` or `keras.saving.save_model(model, 'my_model.keras')`. ]
[2025-09-26 12:38:21,131: INFO: train_model: Model training complete. Model saved to: models\model.h5]
[2025-09-26 12:43:06,153: INFO: train_model: Starting model training pipeline...]
[2025-09-26 12:43:06,153: INFO: train_model: Loading features and labels...]
[2025-09-26 12:43:06,526: INFO: train_model: Applying data augmentation to the training set...]
[2025-09-26 12:43:11,552: INFO: train_model: Augmentation complete. New training set shape: (18050, 128, 157)]
[2025-09-26 12:43:11,583: INFO: train_model: No existing model found. Creating a new one...]
[2025-09-26 12:43:12,220: INFO: train_model: Model compiled successfully.]
[2025-09-26 12:43:12,220: INFO: train_model: Starting model training...]
[2025-09-26 12:55:46,962: INFO: train_model: Model training complete. Model saved to: models\model.keras]
[2025-09-26 13:02:41,148: INFO: tune: Starting hyperparameter tuning...]
[2025-09-26 13:02:42,882: WARNING: module_wrapper: From C:\Users\Tushar\anaconda3\envs\agrisciense\Lib\site-packages\keras\src\backend\common\global_state.py:82: The name tf.reset_default_graph is deprecated. Please use tf.compat.v1.reset_default_graph instead.
]
[2025-09-26 13:08:17,937: INFO: tune: Starting hyperparameter tuning...]
[2025-09-26 13:08:18,988: WARNING: module_wrapper: From C:\Users\Tushar\anaconda3\envs\agrisciense\Lib\site-packages\keras\src\backend\common\global_state.py:82: The name tf.reset_default_graph is deprecated. Please use tf.compat.v1.reset_default_graph instead.
]
